 Processos pesados desabilitados - modo leve ativado
Processos pesados desabilitados - modo leve ativado
Processos pesados desabilitados - modo leve ativado
Processos pesados desabilitados - modo leve ativado
Processos pesados desabilitados - modo leve ativado
Processos pesados desabilitados - modo leve ativado
Processos pesados desabilitados - modo leve ativado
Processos pesados desabilitados - modo leve ativado
Watching for file changes with StatReloader
"GET / HTTP/1.1" 200 40885
"GET / HTTP/1.1" 200 40549
"POST /login/ HTTP/1.1" 302 0
"GET /index/ HTTP/1.1" 200 63188
"GET /index/ HTTP/1.1" 200 63188
Not Found: /.well-known/appspecific/com.chrome.devtools.json
"GET /.well-known/appspecific/com.chrome.devtools.json HTTP/1.1" 404 6823
"GET /pagina1/ HTTP/1.1" 200 99545
"GET /pagina1/carregar-progresso/?pagina=pagina1 HTTP/1.1" 200 34
"GET /index/ HTTP/1.1" 200 63188
"GET /pagina5/ HTTP/1.1" 200 106219
"GET /static/pag5/js/scripts.js HTTP/1.1" 304 0
"GET /static/pag5/css/styles.css HTTP/1.1" 304 0
"GET /static/pag5/js/lazy-video.js HTTP/1.1" 304 0
"GET /index/ HTTP/1.1" 200 63188
"GET /index/ HTTP/1.1" 200 63188
"GET /pagina3/ HTTP/1.1" 200 83452
"GET /static/pag3/css/styles.css HTTP/1.1" 304 0
"GET /static/pag3/js/script.js HTTP/1.1" 200 36044
"GET /pagina3/carregar-progresso/?pagina=pagina3 HTTP/1.1" 200 34
"GET /index/ HTTP/1.1" 200 63188
"GET /pagina4/ HTTP/1.1" 200 108257
"GET /static/pag4/css/styles1.css HTTP/1.1" 304 0
"GET /static/pag4/js/scripts.js HTTP/1.1" 304 0
"GET /pagina4/ HTTP/1.1" 200 108315
"GET /pagina4/ HTTP/1.1" 200 108261
"GET /index/ HTTP/1.1" 200 63188
"GET /pagina5/ HTTP/1.1" 200 106219
Not Found: /.well-known/appspecific/com.chrome.devtools.json
"GET /.well-known/appspecific/com.chrome.devtools.json HTTP/1.1" 404 6823
- Broken pipe from ('127.0.0.1', 49670)
"GET /pagina5/ HTTP/1.1" 200 106239
Not Found: /.well-known/appspecific/com.chrome.devtools.json
"GET /.well-known/appspecific/com.chrome.devtools.json HTTP/1.1" 404 6823
- Broken pipe from ('127.0.0.1', 61161)
"GET /pagina5/ HTTP/1.1" 200 106240
Not Found: /.well-known/appspecific/com.chrome.devtools.json
"GET /.well-known/appspecific/com.chrome.devtools.json HTTP/1.1" 404 6823
Not Found: /.well-known/appspecific/com.chrome.devtools.json
"GET /.well-known/appspecific/com.chrome.devtools.json HTTP/1.1" 404 6823
"GET /pagina5/ HTTP/1.1" 200 106388
Not Found: /.well-known/appspecific/com.chrome.devtools.json
"GET /.well-known/appspecific/com.chrome.devtools.json HTTP/1.1" 404 6823
"GET /pagina5/ HTTP/1.1" 200 106240
Not Found: /.well-known/appspecific/com.chrome.devtools.json
"GET /.well-known/appspecific/com.chrome.devtools.json HTTP/1.1" 404 6823
"GET /pagina5/ HTTP/1.1" 200 106240
Not Found: /.well-known/appspecific/com.chrome.devtools.json
"GET /.well-known/appspecific/com.chrome.devtools.json HTTP/1.1" 404 6823
"GET /index/ HTTP/1.1" 200 63188
C:\Users\caioc\OneDrive\Documentos\GitHub\django\meu_projeto\dashboard\views.py changed, reloading.
C:\Users\caioc\OneDrive\Documentos\GitHub\django\meu_projeto\dashboard\views.py changed, reloading.
Processos pesados desabilitados - modo leve ativado
Watching for file changes with StatReloader
"GET /dashboard HTTP/1.1" 301 0
"GET /dashboard/ HTTP/1.1" 302 0
"GET /dashboard/login/?next=/dashboard/ HTTP/1.1" 200 6102
C:\Users\caioc\OneDrive\Documentos\GitHub\django\meu_projeto\dashboard\views.py changed, reloading.
C:\Users\caioc\OneDrive\Documentos\GitHub\django\meu_projeto\dashboard\views.py changed, reloading.
Processos pesados desabilitados - modo leve ativado
Watching for file changes with StatReloader
Processos pesados desabilitados - modo leve ativado
Watching for file changes with StatReloader
"POST /dashboard/login/ HTTP/1.1" 200 6397
"POST /dashboard/login/ HTTP/1.1" 302 0
"GET /dashboard/ HTTP/1.1" 200 46629
"POST /dashboard/remove-premium/ HTTP/1.1" 302 0
"GET /dashboard/ HTTP/1.1" 200 48599
Not Found: /.well-known/appspecific/com.chrome.devtools.json
"GET /.well-known/appspecific/com.chrome.devtools.json HTTP/1.1" 404 6823
C:\Users\caioc\OneDrive\Documentos\GitHub\django\meu_projeto\dashboard\views.py changed, reloading.
C:\Users\caioc\OneDrive\Documentos\GitHub\django\meu_projeto\dashboard\views.py changed, reloading.
Processos pesados desabilitados - modo leve ativado
Watching for file changes with StatReloader
Processos pesados desabilitados - modo leve ativado
Watching for file changes with StatReloader
"GET /dashboard/ HTTP/1.1" 302 0
"GET /dashboard/login/?next=/dashboard/ HTTP/1.1" 200 5810
Not Found: /.well-known/appspecific/com.chrome.devtools.json
"GET /.well-known/appspecific/com.chrome.devtools.json HTTP/1.1" 404 6823
"POST /dashboard/login/ HTTP/1.1" 302 0
"GET /dashboard/ HTTP/1.1" 200 48553
Not Found: /.well-known/appspecific/com.chrome.devtools.json
"GET /.well-known/appspecific/com.chrome.devtools.json HTTP/1.1" 404 6823
"POST /dashboard/give-premium/ HTTP/1.1" 302 0
"GET /dashboard/ HTTP/1.1" 200 50336
Not Found: /.well-known/appspecific/com.chrome.devtools.json
"GET /.well-known/appspecific/com.chrome.devtools.json HTTP/1.1" 404 6823
C:\Users\caioc\OneDrive\Documentos\GitHub\django\meu_projeto\dashboard\views.py changed, reloading.
C:\Users\caioc\OneDrive\Documentos\GitHub\django\meu_projeto\dashboard\views.py changed, reloading.
Processos pesados desabilitados - modo leve ativado
Processos pesados desabilitados - modo leve ativado
Watching for file changes with StatReloader
Watching for file changes with StatReloader
"GET /dashboard/ HTTP/1.1" 302 0
"GET /dashboard/login/?next=/dashboard/ HTTP/1.1" 200 5810
C:\Users\caioc\OneDrive\Documentos\GitHub\django\meu_projeto\dashboard\views.py changed, reloading.
C:\Users\caioc\OneDrive\Documentos\GitHub\django\meu_projeto\dashboard\views.py changed, reloading.
Processos pesados desabilitados - modo leve ativado
Watching for file changes with StatReloader
Processos pesados desabilitados - modo leve ativado
Watching for file changes with StatReloader
"POST /dashboard/login/ HTTP/1.1" 302 0
Internal Server Error: /dashboard/
Traceback (most recent call last):
  File "C:\Users\caioc\AppData\Local\Programs\Python\Python313\Lib\site-packages\django\template\smartif.py", line 180, in translate_token
    op = OPERATORS[token]
         ~~~~~~~~~^^^^^^^
KeyError: "user.assinaturas.filter:status='ativa'"

During handling of the above exception, another exception occurred:

Traceback (most recent call last):
  File "C:\Users\caioc\AppData\Local\Programs\Python\Python313\Lib\site-packages\django\core\handlers\exception.py", line 55, in inner
    response = get_response(request)
  File "C:\Users\caioc\AppData\Local\Programs\Python\Python313\Lib\site-packages\django\core\handlers\base.py", line 197, in _get_response
    response = wrapped_callback(request, *callback_args, **callback_kwargs)
  File "C:\Users\caioc\AppData\Local\Programs\Python\Python313\Lib\site-packages\django\contrib\auth\decorators.py", line 59, in _view_wrapper
    return view_func(request, *args, **kwargs)
  File "C:\Users\caioc\OneDrive\Documentos\GitHub\django\meu_projeto\dashboard\views.py", line 208, in dashboard_admin
    return render(request, 'dashboard/dashboard.html', context)
  File "C:\Users\caioc\AppData\Local\Programs\Python\Python313\Lib\site-packages\django\shortcuts.py", line 25, in render
    content = loader.render_to_string(template_name, context, request, using=using)
  File "C:\Users\caioc\AppData\Local\Programs\Python\Python313\Lib\site-packages\django\template\loader.py", line 61, in render_to_string
    template = get_template(template_name, using=using)
  File "C:\Users\caioc\AppData\Local\Programs\Python\Python313\Lib\site-packages\django\template\loader.py", line 15, in get_template
    return engine.get_template(template_name)
           ~~~~~~~~~~~~~~~~~~~^^^^^^^^^^^^^^^
  File "C:\Users\caioc\AppData\Local\Programs\Python\Python313\Lib\site-packages\django\template\backends\django.py", line 79, in get_template
    return Template(self.engine.get_template(template_name), self)
                    ~~~~~~~~~~~~~~~~~~~~~~~~^^^^^^^^^^^^^^^
  File "C:\Users\caioc\AppData\Local\Programs\Python\Python313\Lib\site-packages\django\template\engine.py", line 177, in get_template
    template, origin = self.find_template(template_name)
                       ~~~~~~~~~~~~~~~~~~^^^^^^^^^^^^^^^
  File "C:\Users\caioc\AppData\Local\Programs\Python\Python313\Lib\site-packages\django\template\engine.py", line 159, in find_template
    template = loader.get_template(name, skip=skip)
  File "C:\Users\caioc\AppData\Local\Programs\Python\Python313\Lib\site-packages\django\template\loaders\cached.py", line 57, in get_template
    template = super().get_template(template_name, skip)
  File "C:\Users\caioc\AppData\Local\Programs\Python\Python313\Lib\site-packages\django\template\loaders\base.py", line 28, in get_template
    return Template(
        contents,
    ...<2 lines>...
        self.engine,
    )
  File "C:\Users\caioc\AppData\Local\Programs\Python\Python313\Lib\site-packages\django\template\base.py", line 154, in __init__
    self.nodelist = self.compile_nodelist()
                    ~~~~~~~~~~~~~~~~~~~~~^^
  File "C:\Users\caioc\AppData\Local\Programs\Python\Python313\Lib\site-packages\django\template\base.py", line 196, in compile_nodelist
    nodelist = parser.parse()
  File "C:\Users\caioc\AppData\Local\Programs\Python\Python313\Lib\site-packages\django\template\base.py", line 518, in parse
    raise self.error(token, e)
  File "C:\Users\caioc\AppData\Local\Programs\Python\Python313\Lib\site-packages\django\template\base.py", line 516, in parse
    compiled_result = compile_func(self, token)
  File "C:\Users\caioc\AppData\Local\Programs\Python\Python313\Lib\site-packages\django\template\defaulttags.py", line 862, in do_for
    nodelist_loop = parser.parse(
        (
    ...<2 lines>...
        )
    )
  File "C:\Users\caioc\AppData\Local\Programs\Python\Python313\Lib\site-packages\django\template\base.py", line 518, in parse
    raise self.error(token, e)
  File "C:\Users\caioc\AppData\Local\Programs\Python\Python313\Lib\site-packages\django\template\base.py", line 516, in parse
    compiled_result = compile_func(self, token)
  File "C:\Users\caioc\AppData\Local\Programs\Python\Python313\Lib\site-packages\django\template\defaulttags.py", line 961, in do_if
    condition = TemplateIfParser(parser, bits).parse()
                ~~~~~~~~~~~~~~~~^^^^^^^^^^^^^^
  File "C:\Users\caioc\AppData\Local\Programs\Python\Python313\Lib\site-packages\django\template\defaulttags.py", line 894, in __init__
    super().__init__(*args, **kwargs)
    ~~~~~~~~~~~~~~~~^^^^^^^^^^^^^^^^^
  File "C:\Users\caioc\AppData\Local\Programs\Python\Python313\Lib\site-packages\django\template\smartif.py", line 171, in __init__
    mapped_tokens.append(self.translate_token(token))
                         ~~~~~~~~~~~~~~~~~~~~^^^^^^^
  File "C:\Users\caioc\AppData\Local\Programs\Python\Python313\Lib\site-packages\django\template\smartif.py", line 182, in translate_token
    return self.create_var(token)
           ~~~~~~~~~~~~~~~^^^^^^^
  File "C:\Users\caioc\AppData\Local\Programs\Python\Python313\Lib\site-packages\django\template\defaulttags.py", line 897, in create_var
    return TemplateLiteral(self.template_parser.compile_filter(value), value)
                           ~~~~~~~~~~~~~~~~~~~~~~~~~~~~~~~~~~~^^^^^^^
  File "C:\Users\caioc\AppData\Local\Programs\Python\Python313\Lib\site-packages\django\template\base.py", line 609, in compile_filter
    return FilterExpression(token, self)
  File "C:\Users\caioc\AppData\Local\Programs\Python\Python313\Lib\site-packages\django\template\base.py", line 710, in __init__
    raise TemplateSyntaxError(
    ...<2 lines>...
    )
django.template.exceptions.TemplateSyntaxError: Could not parse the remainder: ':status='ativa'' from 'user.assinaturas.filter:status='ativa''
"GET /dashboard/ HTTP/1.1" 500 278463
Not Found: /.well-known/appspecific/com.chrome.devtools.json
Not Found: /.well-known/appspecific/com.chrome.devtools.json
- Broken pipe from ('127.0.0.1', 58186)
- Broken pipe from ('127.0.0.1', 50936)
C:\Users\caioc\OneDrive\Documentos\GitHub\django\meu_projeto\dashboard\views.py changed, reloading.
C:\Users\caioc\OneDrive\Documentos\GitHub\django\meu_projeto\dashboard\views.py changed, reloading.
Processos pesados desabilitados - modo leve ativado
Processos pesados desabilitados - modo leve ativado
Watching for file changes with StatReloader
Watching for file changes with StatReloader
C:\Users\caioc\OneDrive\Documentos\GitHub\django\meu_projeto\dashboard\views.py changed, reloading.
C:\Users\caioc\OneDrive\Documentos\GitHub\django\meu_projeto\dashboard\views.py changed, reloading.
Processos pesados desabilitados - modo leve ativado
Watching for file changes with StatReloader
Watching for file changes with StatReloader
C:\Users\caioc\OneDrive\Documentos\GitHub\django\meu_projeto\dashboard\views.py changed, reloading.
C:\Users\caioc\OneDrive\Documentos\GitHub\django\meu_projeto\dashboard\views.py changed, reloading.
Processos pesados desabilitados - modo leve ativado
Watching for file changes with StatReloader
Processos pesados desabilitados - modo leve ativado
Watching for file changes with StatReloader
C:\Users\caioc\OneDrive\Documentos\GitHub\django\meu_projeto\dashboard\views.py changed, reloading.
C:\Users\caioc\OneDrive\Documentos\GitHub\django\meu_projeto\dashboard\views.py changed, reloading.
Processos pesados desabilitados - modo leve ativado
Watching for file changes with StatReloader
Processos pesados desabilitados - modo leve ativado
Watching for file changes with StatReloader
C:\Users\caioc\OneDrive\Documentos\GitHub\django\meu_projeto\dashboard\views.py changed, reloading.
C:\Users\caioc\OneDrive\Documentos\GitHub\django\meu_projeto\dashboard\views.py changed, reloading.
Processos pesados desabilitados - modo leve ativado
Processos pesados desabilitados - modo leve ativado
Watching for file changes with StatReloader
Watching for file changes with StatReloader
C:\Users\caioc\OneDrive\Documentos\GitHub\django\meu_projeto\dashboard\views.py changed, reloading.
C:\Users\caioc\OneDrive\Documentos\GitHub\django\meu_projeto\dashboard\views.py changed, reloading.
Processos pesados desabilitados - modo leve ativado
Processos pesados desabilitados - modo leve ativado
Watching for file changes with StatReloader
Watching for file changes with StatReloader
C:\Users\caioc\OneDrive\Documentos\GitHub\django\meu_projeto\dashboard\views.py changed, reloading.
C:\Users\caioc\OneDrive\Documentos\GitHub\django\meu_projeto\dashboard\views.py changed, reloading.
Processos pesados desabilitados - modo leve ativado
Processos pesados desabilitados - modo leve ativado
Watching for file changes with StatReloader
Watching for file changes with StatReloader
C:\Users\caioc\OneDrive\Documentos\GitHub\django\meu_projeto\dashboard\views.py changed, reloading.
C:\Users\caioc\OneDrive\Documentos\GitHub\django\meu_projeto\dashboard\views.py changed, reloading.
Processos pesados desabilitados - modo leve ativado
Processos pesados desabilitados - modo leve ativado
Watching for file changes with StatReloader
Watching for file changes with StatReloader
Processos pesados desabilitados - modo leve ativado
C:\Users\caioc\OneDrive\Documentos\GitHub\django\meu_projeto\dashboard\views.py changed, reloading.
C:\Users\caioc\OneDrive\Documentos\GitHub\django\meu_projeto\dashboard\views.py changed, reloading.
Processos pesados desabilitados - modo leve ativado
Watching for file changes with StatReloader
